#
# There is insufficient memory for the Java Runtime Environment to continue.
# Native memory allocation (malloc) failed to allocate 1048576 bytes for AllocateHeap
# Possible reasons:
#   The system is out of physical RAM or swap space
#   In 32 bit mode, the process size limit was hit
# Possible solutions:
#   Reduce memory load on the system
#   Increase physical memory or swap space
#   Check if swap backing store is full
#   Use 64 bit Java on a 64 bit OS
#   Decrease Java heap size (-Xmx/-Xms)
#   Decrease number of Java threads
#   Decrease Java thread stack sizes (-Xss)
#   Set larger code cache with -XX:ReservedCodeCacheSize=
# This output file may be truncated or incomplete.
#
#  Out of Memory Error (memory/allocation.inline.hpp:61), pid=4368, tid=8792
#
# JRE version:  (7.0_79-b15) (build )
# Java VM: Java HotSpot(TM) 64-Bit Server VM (24.79-b02 mixed mode windows-amd64 compressed oops)
# Failed to write core dump. Minidumps are not enabled by default on client versions of Windows
#

---------------  T H R E A D  ---------------

Current thread (0x000000000295d800):  JavaThread "Unknown thread" [_thread_in_vm, id=8792, stack(0x00000000026c0000,0x00000000027c0000)]

Stack: [0x00000000026c0000,0x00000000027c0000]
[error occurred during error reporting (printing stack bounds), id 0xc0000005]


---------------  P R O C E S S  ---------------

Java Threads: ( => current thread )

Other Threads:

=>0x000000000295d800 (exited) JavaThread "Unknown thread" [_thread_in_vm, id=8792, stack(0x00000000026c0000,0x00000000027c0000)]

VM state:not at safepoint (normal execution)

VM Mutex/Monitor currently owned by a thread: None

Heap
 PSYoungGen      total 24064K, used 419K [0x00000000eaa80000, 0x00000000ec500000, 0x0000000100000000)
  eden space 20992K, 2% used [0x00000000eaa80000,0x00000000eaae8fb0,0x00000000ebf00000)
  from space 3072K, 0% used [0x00000000ec200000,0x00000000ec200000,0x00000000ec500000)
  to   space 3072K, 0% used [0x00000000ebf00000,0x00000000ebf00000,0x00000000ec200000)
 ParOldGen       total 54272K, used 0K [0x00000000c0000000, 0x00000000c3500000, 0x00000000eaa80000)
  object space 54272K, 0% used [0x00000000c0000000,0x00000000c0000000,0x00000000c3500000)
 PSPermGen       total 21504K, used 697K [0x00000000bae00000, 0x00000000bc300000, 0x00000000c0000000)
  object space 21504K, 3% used [0x00000000bae00000,0x00000000baeae588,0x00000000bc300000)

Card table byte_map: [0x0000000005960000,0x0000000005b90000] byte_map_base: 0x0000000005389000

Polling page: 0x0000000000d10000

Code Cache  [0x0000000002960000, 0x0000000002bd0000, 0x0000000005960000)
 total_blobs=37 nmethods=0 adapters=20 free_code_cache=48890Kb largest_free_block=50063104

Compilation events (0 events):
No events

GC Heap History (0 events):
No events

Deoptimization events (0 events):
No events

Internal exceptions (0 events):
No events

Events (10 events):
Event: 0.856 loading class 0x0000000002846b80
Event: 0.856 loading class 0x0000000002846b80 done
Event: 0.856 loading class 0x0000000002846bd0
Event: 0.857 loading class 0x0000000002846bd0 done
Event: 0.857 loading class 0x0000000002846c20
Event: 0.858 loading class 0x0000000002846c20 done
Event: 0.861 loading class 0x00000000028479a0
Event: 0.861 loading class 0x00000000028479a0 done
Event: 0.861 loading class 0x00000000028475c0
Event: 0.861 loading class 0x00000000028475c0 done


Dynamic libraries:
0x00007ff6c6970000 - 0x00007ff6c69a3000 	C:\Program Files\Java\jdk1.7.0_79\bin\java.exe
0x00007fff5c870000 - 0x00007fff5ca1d000 	C:\Windows\SYSTEM32\ntdll.dll
0x00007fff5c0e0000 - 0x00007fff5c21e000 	C:\Windows\system32\KERNEL32.DLL
0x00007fff59de0000 - 0x00007fff59ef5000 	C:\Windows\system32\KERNELBASE.dll
0x00007fff58530000 - 0x00007fff585be000 	C:\Windows\system32\apphelp.dll
0x00007fff43070000 - 0x00007fff430c3000 	C:\Windows\AppPatch\AppPatch64\AcGenral.DLL
0x00007fff5a290000 - 0x00007fff5a33a000 	C:\Windows\system32\msvcrt.dll
0x00007fff59d50000 - 0x00007fff59d7e000 	C:\Windows\system32\SspiCli.dll
0x00007fff5c540000 - 0x00007fff5c594000 	C:\Windows\system32\SHLWAPI.dll
0x00007fff5c5a0000 - 0x00007fff5c717000 	C:\Windows\system32\USER32.dll
0x00007fff5c3a0000 - 0x00007fff5c534000 	C:\Windows\system32\ole32.dll
0x00007fff5a490000 - 0x00007fff5b9ba000 	C:\Windows\system32\SHELL32.dll
0x00007fff58f70000 - 0x00007fff58f91000 	C:\Windows\SYSTEM32\USERENV.dll
0x00007fff5c220000 - 0x00007fff5c2ca000 	C:\Windows\system32\ADVAPI32.dll
0x00007fff514e0000 - 0x00007fff514fe000 	C:\Windows\SYSTEM32\MPR.dll
0x00007fff5bb60000 - 0x00007fff5bca0000 	C:\Windows\system32\RPCRT4.dll
0x00007fff5c740000 - 0x00007fff5c799000 	C:\Windows\SYSTEM32\sechost.dll
0x00007fff5bca0000 - 0x00007fff5beb1000 	C:\Windows\SYSTEM32\combase.dll
0x00007fff5a340000 - 0x00007fff5a490000 	C:\Windows\system32\GDI32.dll
0x00007fff599a0000 - 0x00007fff599b5000 	C:\Windows\SYSTEM32\profapi.dll
0x00007fff57b10000 - 0x00007fff57bc2000 	C:\Windows\SYSTEM32\SHCORE.dll
0x00007fff5b9e0000 - 0x00007fff5ba16000 	C:\Windows\system32\IMM32.DLL
0x00007fff5bec0000 - 0x00007fff5c012000 	C:\Windows\system32\MSCTF.dll
0x00007fff57250000 - 0x00007fff574cb000 	C:\Windows\WinSxS\amd64_microsoft.windows.common-controls_6595b64144ccf1df_6.0.9600.18006_none_623f33d3ecbe86e8\COMCTL32.dll
0x0000000067d80000 - 0x0000000067e52000 	C:\Program Files\Java\jdk1.7.0_79\jre\bin\msvcr100.dll
0x00000000675a0000 - 0x0000000067d75000 	C:\Program Files\Java\jdk1.7.0_79\jre\bin\server\jvm.dll
0x00007fff57f40000 - 0x00007fff57f49000 	C:\Windows\SYSTEM32\WSOCK32.dll
0x00007fff574d0000 - 0x00007fff574f2000 	C:\Windows\SYSTEM32\WINMM.dll
0x00007fff5bae0000 - 0x00007fff5bae7000 	C:\Windows\system32\PSAPI.DLL
0x00007fff5c020000 - 0x00007fff5c07a000 	C:\Windows\system32\WS2_32.dll
0x00007fff55780000 - 0x00007fff557aa000 	C:\Windows\SYSTEM32\WINMMBASE.dll
0x00007fff5c860000 - 0x00007fff5c869000 	C:\Windows\system32\NSI.dll
0x00007fff59b20000 - 0x00007fff59b6f000 	C:\Windows\SYSTEM32\cfgmgr32.dll
0x00007fff58790000 - 0x00007fff587b8000 	C:\Windows\SYSTEM32\DEVOBJ.dll
0x0000000067590000 - 0x000000006759f000 	C:\Program Files\Java\jdk1.7.0_79\jre\bin\verify.dll
0x0000000067560000 - 0x0000000067588000 	C:\Program Files\Java\jdk1.7.0_79\jre\bin\java.dll
0x0000000067540000 - 0x0000000067555000 	C:\Program Files\Java\jdk1.7.0_79\jre\bin\zip.dll

VM Arguments:
jvm_args: -Djava.awt.headless=true -Xmx1024M -Dfile.encoding=windows-1251 -Duser.country=RU -Duser.language=ru -Duser.variant 
java_command: com.android.dx.command.Main --dex --force-jumbo --num-threads=4 --multi-dex --output D:\_Kval\MultiClient\app\build\intermediates\transforms\dex\debug\folders\1000\5\slice_7 D:\_Kval\MultiClient\app\build\intermediates\transforms\instantRunSlicer\debug\folders\1\5\slice_7
Launcher Type: SUN_STANDARD

Environment Variables:
PATH=C:\Program Files\Broadcom\Broadcom 802.11 Network Adapter;C:\ProgramData\Oracle\Java\javapath;C:\Program Files (x86)\NVIDIA Corporation\PhysX\Common;C:\Windows\system32;C:\Windows;C:\Windows\System32\Wbem;C:\Windows\System32\WindowsPowerShell\v1.0\;C:\Program Files\WIDCOMM\Bluetooth Software\;C:\Program Files\WIDCOMM\Bluetooth Software\syswow64;C:\Program Files (x86)\ATI Technologies\ATI.ACE\Core-Static;C:\Program Files\Microsoft SQL Server\110\Tools\Binn\;C:\Program Files (x86)\Windows Kits\8.1\Windows Performance Toolkit\;C:\Program Files (x86)\Microsoft SDKs\TypeScript\1.0\;C:\Program Files (x86)\Windows Kits\8.0\Windows Performance Toolkit\;C:\Program Files (x86)\Skype\Phone\;C:\TDM-GCC-64\bin;C:\Program Files\Git\cmd;C:\Program Files\TortoiseGit\bin;C:\Program Files (x86)\NVIDIA Corporation\PhysX\Common;C:\ProgramData\Oracle\Java\javapath;C:\Program Files\Broadcom\Broadcom 802.11 Network Adapter;;C:\Windows\system32;C:\Windows;C:\Windows\System32\Wbem;C:\Windows\System32\WindowsPowerShell\v1.0\;C:\Program Files (x86)\Skype\Phone\;C:\Program Files\WIDCOMM\Bluetooth Software\;C:\Program Files\WIDCOMM\Bluetooth Software\syswow64;C:\Program Files (x86)\ATI Technologies\ATI.ACE\Core-Static;C:\Users\Ilya\adb
USERNAME=Ilya
OS=Windows_NT
PROCESSOR_IDENTIFIER=AMD64 Family 22 Model 48 Stepping 1, AuthenticAMD



---------------  S Y S T E M  ---------------

OS: Windows 8.1 , 64 bit Build 9600 

CPU:total 4 (4 cores per cpu, 1 threads per core) family 22 model 48 stepping 1, cmov, cx8, fxsr, mmx, sse, sse2, sse3, ssse3, sse4.1, sse4.2, popcnt, avx, aes, mmxext, 3dnowpref, lzcnt, sse4a, tsc, tscinvbit, tscinv

Memory: 4k page, physical 5206356k(1004040k free), swap 7303508k(657876k free)

vm_info: Java HotSpot(TM) 64-Bit Server VM (24.79-b02) for windows-amd64 JRE (1.7.0_79-b15), built on Apr 10 2015 12:36:16 by "java_re" with unknown MS VC++:1600

time: Sat Oct 22 00:11:31 2016
elapsed time: 3 seconds

