#
# There is insufficient memory for the Java Runtime Environment to continue.
# Native memory allocation (malloc) failed to allocate 947536 bytes for Chunk::new
# Possible reasons:
#   The system is out of physical RAM or swap space
#   In 32 bit mode, the process size limit was hit
# Possible solutions:
#   Reduce memory load on the system
#   Increase physical memory or swap space
#   Check if swap backing store is full
#   Use 64 bit Java on a 64 bit OS
#   Decrease Java heap size (-Xmx/-Xms)
#   Decrease number of Java threads
#   Decrease Java thread stack sizes (-Xss)
#   Set larger code cache with -XX:ReservedCodeCacheSize=
# This output file may be truncated or incomplete.
#
#  Out of Memory Error (allocation.cpp:390), pid=4452, tid=9324
#
# JRE version: Java(TM) SE Runtime Environment (8.0_74-b02) (build 1.8.0_74-b02)
# Java VM: Java HotSpot(TM) 64-Bit Server VM (25.74-b02 mixed mode windows-amd64 compressed oops)
# Failed to write core dump. Minidumps are not enabled by default on client versions of Windows
#

---------------  T H R E A D  ---------------

Current thread (0x0000000014ae8800):  JavaThread "C2 CompilerThread1" daemon [_thread_in_native, id=9324, stack(0x00000000161c0000,0x00000000162c0000)]

Stack: [0x00000000161c0000,0x00000000162c0000]
[error occurred during error reporting (printing stack bounds), id 0xc0000005]

Native frames: (J=compiled Java code, j=interpreted, Vv=VM code, C=native code)


Current CompileTask:
C2:   5913 1264       4       com.android.dx.ssa.SCCP::simulateBranch (666 bytes)


---------------  P R O C E S S  ---------------

Java Threads: ( => current thread )
  0x0000000016539800 JavaThread "pool-1-thread-4" [_thread_in_Java, id=160, stack(0x0000000016dc0000,0x0000000016ec0000)]
  0x0000000016534000 JavaThread "pool-1-thread-3" [_thread_in_Java, id=1380, stack(0x0000000016cc0000,0x0000000016dc0000)]
  0x0000000016532000 JavaThread "pool-1-thread-2" [_thread_in_Java, id=5808, stack(0x0000000016bc0000,0x0000000016cc0000)]
  0x0000000016529800 JavaThread "pool-2-thread-1" [_thread_blocked, id=8908, stack(0x0000000016ac0000,0x0000000016bc0000)]
  0x000000001650d000 JavaThread "pool-1-thread-1" [_thread_blocked, id=6528, stack(0x00000000169c0000,0x0000000016ac0000)]
  0x00000000162c5800 JavaThread "Service Thread" daemon [_thread_blocked, id=8504, stack(0x00000000167c0000,0x00000000168c0000)]
  0x00000000162c0800 JavaThread "C1 CompilerThread2" daemon [_thread_in_native, id=8132, stack(0x00000000166c0000,0x00000000167c0000)]
=>0x0000000014ae8800 JavaThread "C2 CompilerThread1" daemon [_thread_in_native, id=9324, stack(0x00000000161c0000,0x00000000162c0000)]
  0x0000000014a8f000 JavaThread "C2 CompilerThread0" daemon [_thread_in_native, id=3448, stack(0x00000000160c0000,0x00000000161c0000)]
  0x0000000014a8d000 JavaThread "Attach Listener" daemon [_thread_blocked, id=9492, stack(0x0000000015fc0000,0x00000000160c0000)]
  0x0000000014a8c000 JavaThread "Signal Dispatcher" daemon [_thread_blocked, id=3276, stack(0x0000000015ec0000,0x0000000015fc0000)]
  0x0000000014a7a800 JavaThread "Finalizer" daemon [_thread_blocked, id=3616, stack(0x0000000015ce0000,0x0000000015de0000)]
  0x00000000023af800 JavaThread "Reference Handler" daemon [_thread_blocked, id=6656, stack(0x0000000015be0000,0x0000000015ce0000)]
  0x00000000007dd800 JavaThread "main" [_thread_in_native, id=8276, stack(0x00000000020e0000,0x00000000021e0000)]

Other Threads:
  0x0000000014a58800 VMThread [stack: 0x0000000015ae0000,0x0000000015be0000] [id=5748]
  0x00000000162db000 WatcherThread [stack: 0x00000000168c0000,0x00000000169c0000] [id=8188]

VM state:not at safepoint (normal execution)

VM Mutex/Monitor currently owned by a thread: None

Heap:
 PSYoungGen      total 24064K, used 13817K [0x00000000eab00000, 0x00000000eda00000, 0x0000000100000000)
  eden space 20992K, 51% used [0x00000000eab00000,0x00000000eb584888,0x00000000ebf80000)
  from space 3072K, 99% used [0x00000000ebf80000,0x00000000ec279c88,0x00000000ec280000)
  to   space 3072K, 0% used [0x00000000ed700000,0x00000000ed700000,0x00000000eda00000)
 ParOldGen       total 54784K, used 1637K [0x00000000c0000000, 0x00000000c3580000, 0x00000000eab00000)
  object space 54784K, 2% used [0x00000000c0000000,0x00000000c0199738,0x00000000c3580000)
 Metaspace       used 6075K, capacity 6966K, committed 7040K, reserved 1056768K
  class space    used 603K, capacity 622K, committed 640K, reserved 1048576K

Card table byte_map: [0x0000000011780000,0x0000000011990000] byte_map_base: 0x0000000011180000

Marking Bits: (ParMarkBitMap*) 0x0000000058b80600
 Begin Bits: [0x0000000011ef0000, 0x0000000012ef0000)
 End Bits:   [0x0000000012ef0000, 0x0000000013ef0000)

Polling page: 0x0000000000750000

CodeCache: size=245760Kb used=5303Kb max_used=5303Kb free=240456Kb
 bounds [0x00000000023c0000, 0x0000000002900000, 0x00000000113c0000]
 total_blobs=1562 nmethods=1291 adapters=185
 compilation: enabled

Compilation events (10 events):
Event: 5.844 Thread 0x00000000162c0800 nmethod 1301 0x00000000028d4350 code [0x00000000028d44c0, 0x00000000028d4628]
Event: 5.846 Thread 0x00000000162c0800 1303       3       java.util.concurrent.locks.AbstractOwnableSynchronizer::setExclusiveOwnerThread (6 bytes)
Event: 5.847 Thread 0x00000000162c0800 nmethod 1303 0x00000000028ac7d0 code [0x00000000028ac920, 0x00000000028aca90]
Event: 5.847 Thread 0x00000000162c0800 1304       3       com.android.dx.cf.direct.DirectClassFile::parseToEndIfNecessary (12 bytes)
Event: 5.848 Thread 0x00000000162c0800 nmethod 1304 0x00000000028ef2d0 code [0x00000000028ef440, 0x00000000028ef608]
Event: 5.853 Thread 0x00000000162c0800 1305       3       com.android.dx.rop.code.RopMethod::<init> (53 bytes)
Event: 5.854 Thread 0x00000000162c0800 nmethod 1305 0x00000000028ef690 code [0x00000000028ef820, 0x00000000028efbf8]
Event: 5.855 Thread 0x00000000162c0800 1306       3       com.android.dx.cf.code.LocalVariableList::concat (97 bytes)
Event: 5.859 Thread 0x00000000162c0800 nmethod 1306 0x00000000028efd50 code [0x00000000028f0080, 0x00000000028f1dc8]
Event: 5.860 Thread 0x00000000162c0800 1307   !   3       com.android.dx.cf.code.BytecodeArray::parseInstruction (2764 bytes)

GC Heap History (2 events):
Event: 3.788 GC heap before
{Heap before GC invocations=1 (full 0):
 PSYoungGen      total 24064K, used 20992K [0x00000000eab00000, 0x00000000ec580000, 0x0000000100000000)
  eden space 20992K, 100% used [0x00000000eab00000,0x00000000ebf80000,0x00000000ebf80000)
  from space 3072K, 0% used [0x00000000ec280000,0x00000000ec280000,0x00000000ec580000)
  to   space 3072K, 0% used [0x00000000ebf80000,0x00000000ebf80000,0x00000000ec280000)
 ParOldGen       total 54784K, used 0K [0x00000000c0000000, 0x00000000c3580000, 0x00000000eab00000)
  object space 54784K, 0% used [0x00000000c0000000,0x00000000c0000000,0x00000000c3580000)
 Metaspace       used 5935K, capacity 6838K, committed 7040K, reserved 1056768K
  class space    used 603K, capacity 622K, committed 640K, reserved 1048576K
Event: 3.945 GC heap after
Heap after GC invocations=1 (full 0):
 PSYoungGen      total 24064K, used 3047K [0x00000000eab00000, 0x00000000eda00000, 0x0000000100000000)
  eden space 20992K, 0% used [0x00000000eab00000,0x00000000eab00000,0x00000000ebf80000)
  from space 3072K, 99% used [0x00000000ebf80000,0x00000000ec279c88,0x00000000ec280000)
  to   space 3072K, 0% used [0x00000000ed700000,0x00000000ed700000,0x00000000eda00000)
 ParOldGen       total 54784K, used 1637K [0x00000000c0000000, 0x00000000c3580000, 0x00000000eab00000)
  object space 54784K, 2% used [0x00000000c0000000,0x00000000c0199738,0x00000000c3580000)
 Metaspace       used 5935K, capacity 6838K, committed 7040K, reserved 1056768K
  class space    used 603K, capacity 622K, committed 640K, reserved 1048576K
}

Deoptimization events (6 events):
Event: 2.360 Thread 0x000000001650d000 Uncommon trap: reason=unstable_if action=reinterpret pc=0x00000000025d553c method=java.util.HashMap.getNode(ILjava/lang/Object;)Ljava/util/HashMap$Node; @ 62
Event: 2.395 Thread 0x0000000016534000 Uncommon trap: reason=unstable_if action=reinterpret pc=0x0000000002626bf0 method=java.util.BitSet.nextSetBit(I)I @ 87
Event: 3.435 Thread 0x0000000016532000 Uncommon trap: reason=unstable_if action=reinterpret pc=0x0000000002658fb4 method=java.util.BitSet.ensureCapacity(I)V @ 6
Event: 5.056 Thread 0x0000000016534000 Uncommon trap: reason=unstable_if action=reinterpret pc=0x0000000002684890 method=com.android.dx.rop.code.RegisterSpec.equals(ILcom/android/dx/rop/type/TypeBearer;Lcom/android/dx/rop/code/LocalItem;)Z @ 42
Event: 5.426 Thread 0x0000000016534000 Uncommon trap: reason=unstable_if action=reinterpret pc=0x0000000002856134 method=com.android.dx.ssa.SCCP.simulateStmt(Lcom/android/dx/ssa/SsaInsn;)V @ 53
Event: 5.849 Thread 0x0000000016539800 Uncommon trap: reason=uninitialized action=reinterpret pc=0x0000000002890ba0 method=com.android.dx.cf.code.BytecodeArray.parseInstruction(ILcom/android/dx/cf/code/BytecodeArray$Visitor;)I @ 999

Internal exceptions (2 events):
Event: 0.371 Thread 0x00000000007dd800 Exception <a 'java/lang/NoSuchMethodError': Method sun.misc.Unsafe.defineClass(Ljava/lang/String;[BII)Ljava/lang/Class; name or signature does not match> (0x00000000eab07cc0) thrown at [C:\re\workspace\8-2-build-windows-amd64-cygwin\jdk8u74\6087\hotspot\srÇö1·v»×?
Event: 0.371 Thread 0x00000000007dd800 Exception <a 'java/lang/NoSuchMethodError': Method sun.misc.Unsafe.prefetchRead(Ljava/lang/Object;J)V name or signature does not match> (0x00000000eab07fa8) thrown at [C:\re\workspace\8-2-build-windows-amd64-cygwin\jdk8u74\6087\hotspot\src\share\vm\prims\j

Events (10 events):
Event: 5.056 Thread 0x0000000016534000 DEOPT PACKING pc=0x0000000002684890 sp=0x0000000016dbe580
Event: 5.056 Thread 0x0000000016534000 DEOPT UNPACKING pc=0x000000000240582a sp=0x0000000016dbe508 mode 2
Event: 5.426 Thread 0x0000000016534000 Uncommon trap: trap_request=0xffffff65 fr.pc=0x0000000002856134
Event: 5.426 Thread 0x0000000016534000 DEOPT PACKING pc=0x0000000002856134 sp=0x0000000016dbe5e0
Event: 5.426 Thread 0x0000000016534000 DEOPT UNPACKING pc=0x000000000240582a sp=0x0000000016dbe5b8 mode 2
Event: 5.752 Thread 0x0000000016534000 DEOPT PACKING pc=0x000000000273bfa5 sp=0x0000000016dbe500
Event: 5.752 Thread 0x0000000016534000 DEOPT UNPACKING pc=0x000000000240747f sp=0x0000000016dbe2e0 mode 0
Event: 5.849 Thread 0x0000000016539800 Uncommon trap: trap_request=0xffffffb5 fr.pc=0x0000000002890ba0
Event: 5.849 Thread 0x0000000016539800 DEOPT PACKING pc=0x0000000002890ba0 sp=0x0000000016ebea30
Event: 5.849 Thread 0x0000000016539800 DEOPT UNPACKING pc=0x000000000240582a sp=0x0000000016ebe9d0 mode 2


Dynamic libraries:
0x00007ff606510000 - 0x00007ff606547000 	C:\Program Files\Java\jdk1.8.0_74\bin\java.exe
0x00007ffcd6d70000 - 0x00007ffcd6f1d000 	C:\Windows\SYSTEM32\ntdll.dll
0x00007ffcd5040000 - 0x00007ffcd517e000 	C:\Windows\system32\KERNEL32.DLL
0x00007ffcd41a0000 - 0x00007ffcd42b5000 	C:\Windows\system32\KERNELBASE.dll
0x00007ffcd2a70000 - 0x00007ffcd2afe000 	C:\Windows\system32\apphelp.dll
0x00007ffcc8b40000 - 0x00007ffcc8b93000 	C:\Windows\AppPatch\AppPatch64\AcGenral.DLL
0x00007ffcd69c0000 - 0x00007ffcd6a6a000 	C:\Windows\system32\msvcrt.dll
0x00007ffcd42c0000 - 0x00007ffcd42ee000 	C:\Windows\system32\SspiCli.dll
0x00007ffcd4470000 - 0x00007ffcd44c4000 	C:\Windows\system32\SHLWAPI.dll
0x00007ffcd4ec0000 - 0x00007ffcd5037000 	C:\Windows\system32\USER32.dll
0x00007ffcd4510000 - 0x00007ffcd46a4000 	C:\Windows\system32\ole32.dll
0x00007ffcd5490000 - 0x00007ffcd69ba000 	C:\Windows\system32\SHELL32.dll
0x00007ffcd3470000 - 0x00007ffcd3491000 	C:\Windows\SYSTEM32\USERENV.dll
0x00007ffcd47d0000 - 0x00007ffcd487a000 	C:\Windows\system32\ADVAPI32.dll
0x00007ffccb860000 - 0x00007ffccb87e000 	C:\Windows\SYSTEM32\MPR.dll
0x00007ffcd6a70000 - 0x00007ffcd6bb0000 	C:\Windows\system32\RPCRT4.dll
0x00007ffcd4b90000 - 0x00007ffcd4be9000 	C:\Windows\SYSTEM32\sechost.dll
0x00007ffcd4890000 - 0x00007ffcd4aa1000 	C:\Windows\SYSTEM32\combase.dll
0x00007ffcd6c20000 - 0x00007ffcd6d70000 	C:\Windows\system32\GDI32.dll
0x00007ffcd3ea0000 - 0x00007ffcd3eb5000 	C:\Windows\SYSTEM32\profapi.dll
0x00007ffcd2440000 - 0x00007ffcd24f2000 	C:\Windows\SYSTEM32\SHCORE.dll
0x00007ffcd44d0000 - 0x00007ffcd4506000 	C:\Windows\system32\IMM32.DLL
0x00007ffcd5180000 - 0x00007ffcd52d2000 	C:\Windows\system32\MSCTF.dll
0x00007ffcd1990000 - 0x00007ffcd1c0b000 	C:\Windows\WinSxS\amd64_microsoft.windows.common-controls_6595b64144ccf1df_6.0.9600.18006_none_623f33d3ecbe86e8\COMCTL32.dll
0x0000000057f00000 - 0x0000000057fd2000 	C:\Program Files\Java\jdk1.8.0_74\jre\bin\msvcr100.dll
0x0000000058370000 - 0x0000000058c00000 	C:\Program Files\Java\jdk1.8.0_74\jre\bin\server\jvm.dll
0x00007ffcd2550000 - 0x00007ffcd2559000 	C:\Windows\SYSTEM32\WSOCK32.dll
0x00007ffccfce0000 - 0x00007ffccfd02000 	C:\Windows\SYSTEM32\WINMM.dll
0x00007ffcd1c40000 - 0x00007ffcd1c4a000 	C:\Windows\SYSTEM32\VERSION.dll
0x00007ffcd4b80000 - 0x00007ffcd4b87000 	C:\Windows\system32\PSAPI.DLL
0x00007ffcd46b0000 - 0x00007ffcd470a000 	C:\Windows\system32\WS2_32.dll
0x00007ffccfcb0000 - 0x00007ffccfcda000 	C:\Windows\SYSTEM32\WINMMBASE.dll
0x00007ffcd4eb0000 - 0x00007ffcd4eb9000 	C:\Windows\system32\NSI.dll
0x00007ffcd4150000 - 0x00007ffcd419f000 	C:\Windows\SYSTEM32\cfgmgr32.dll
0x00007ffcd2cd0000 - 0x00007ffcd2cf8000 	C:\Windows\SYSTEM32\DEVOBJ.dll
0x0000000059f30000 - 0x0000000059f3f000 	C:\Program Files\Java\jdk1.8.0_74\jre\bin\verify.dll
0x0000000058340000 - 0x0000000058369000 	C:\Program Files\Java\jdk1.8.0_74\jre\bin\java.dll
0x0000000058320000 - 0x0000000058336000 	C:\Program Files\Java\jdk1.8.0_74\jre\bin\zip.dll

VM Arguments:
jvm_args: -Djava.awt.headless=true -Xmx1024M -Dfile.encoding=windows-1251 -Duser.country=RU -Duser.language=ru -Duser.variant 
java_command: com.android.dx.command.Main --dex --force-jumbo --num-threads=4 --output D:\_Kval\MultiClient\app\build\intermediates\pre-dexed\debug\com.android.support-recyclerview-v7-23.2.1_4f5e8ce47e8c3e87caa7fb077a7c445439a9f0b4.jar D:\_Kval\MultiClient\app\build\intermediates\exploded-aar\com.android.support\recyclerview-v7\23.2.1\jars\classes.jar
java_class_path (initial): D:\Projects\Android\android-sdk-windows\build-tools\24.0.0\lib\dx.jar
Launcher Type: SUN_STANDARD

Environment Variables:
PATH=C:\Program Files\Broadcom\Broadcom 802.11 Network Adapter;C:\ProgramData\Oracle\Java\javapath;C:\Program Files (x86)\NVIDIA Corporation\PhysX\Common;C:\Windows\system32;C:\Windows;C:\Windows\System32\Wbem;C:\Windows\System32\WindowsPowerShell\v1.0\;C:\Program Files\WIDCOMM\Bluetooth Software\;C:\Program Files\WIDCOMM\Bluetooth Software\syswow64;C:\Program Files (x86)\ATI Technologies\ATI.ACE\Core-Static;C:\Program Files\Microsoft SQL Server\110\Tools\Binn\;C:\Program Files (x86)\Windows Kits\8.1\Windows Performance Toolkit\;C:\Program Files (x86)\Microsoft SDKs\TypeScript\1.0\;C:\Program Files (x86)\Windows Kits\8.0\Windows Performance Toolkit\;C:\Program Files (x86)\Skype\Phone\;C:\TDM-GCC-64\bin;C:\Program Files\Git\cmd;C:\Program Files\TortoiseGit\bin;C:\Program Files (x86)\NVIDIA Corporation\PhysX\Common;C:\ProgramData\Oracle\Java\javapath;C:\Program Files\Broadcom\Broadcom 802.11 Network Adapter;;C:\Windows\system32;C:\Windows;C:\Windows\System32\Wbem;C:\Windows\System32\WindowsPowerShell\v1.0\;C:\Program Files (x86)\Skype\Phone\;C:\Program Files\WIDCOMM\Bluetooth Software\;C:\Program Files\WIDCOMM\Bluetooth Software\syswow64;C:\Program Files (x86)\ATI Technologies\ATI.ACE\Core-Static;C:\Users\Ilya\adb
USERNAME=Ilya
OS=Windows_NT
PROCESSOR_IDENTIFIER=AMD64 Family 22 Model 48 Stepping 1, AuthenticAMD



---------------  S Y S T E M  ---------------

OS: Windows 8.1 , 64 bit Build 9600 (6.3.9600.17415)

CPU:total 4 (4 cores per cpu, 1 threads per core) family 22 model 48 stepping 1, cmov, cx8, fxsr, mmx, sse, sse2, sse3, ssse3, sse4.1, sse4.2, popcnt, avx, aes, clmul, mmxext, 3dnowpref, lzcnt, sse4a, tsc, tscinvbit, tscinv, bmi1

Memory: 4k page, physical 5206356k(483252k free), swap 7303508k(5140k free)

vm_info: Java HotSpot(TM) 64-Bit Server VM (25.74-b02) for windows-amd64 JRE (1.8.0_74-b02), built on Jan 29 2016 17:42:36 by "java_re" with MS VC++ 10.0 (VS2010)

time: Sun Oct 02 19:53:52 2016
elapsed time: 5 seconds (0d 0h 0m 5s)

